#
# There is insufficient memory for the Java Runtime Environment to continue.
# Native memory allocation (malloc) failed to allocate 39120 bytes for Chunk::new
# Possible reasons:
#   The system is out of physical RAM or swap space
#   The process is running with CompressedOops enabled, and the Java Heap may be blocking the growth of the native heap
# Possible solutions:
#   Reduce memory load on the system
#   Increase physical memory or swap space
#   Check if swap backing store is full
#   Decrease Java heap size (-Xmx/-Xms)
#   Decrease number of Java threads
#   Decrease Java thread stack sizes (-Xss)
#   Set larger code cache with -XX:ReservedCodeCacheSize=
#   JVM is running with Unscaled Compressed Oops mode in which the Java heap is
#     placed in the first 4GB address space. The Java Heap base address is the
#     maximum limit for the native heap growth. Please use -XX:HeapBaseMinAddress
#     to set the Java Heap base and to place the Java Heap above 4GB virtual address.
# This output file may be truncated or incomplete.
#
#  Out of Memory Error (allocation.cpp:389), pid=11160, tid=0x0000000000004c4c
#
# JRE version: Java(TM) SE Runtime Environment (8.0_291-b10) (build 1.8.0_291-b10)
# Java VM: Java HotSpot(TM) 64-Bit Server VM (25.291-b10 mixed mode windows-amd64 compressed oops)
# Failed to write core dump. Minidumps are not enabled by default on client versions of Windows
#

---------------  T H R E A D  ---------------

Current thread (0x000001dd7ba51000):  JavaThread "C2 CompilerThread2" daemon [_thread_in_native, id=19532, stack(0x000000c89cf00000,0x000000c89d000000)]

Stack: [0x000000c89cf00000,0x000000c89d000000]
Native frames: (J=compiled Java code, j=interpreted, Vv=VM code, C=native code)
V  [jvm.dll+0x32ea19]


Current CompileTask:
C2:   2270  624       4       java.io.InputStreamReader::read (11 bytes)


---------------  P R O C E S S  ---------------

Java Threads: ( => current thread )
  0x000001dd7ce00800 JavaThread "Service Thread" daemon [_thread_blocked, id=2224, stack(0x000000c89d100000,0x000000c89d200000)]
  0x000001dd7ba55800 JavaThread "C1 CompilerThread3" daemon [_thread_in_native, id=15408, stack(0x000000c89d000000,0x000000c89d100000)]
=>0x000001dd7ba51000 JavaThread "C2 CompilerThread2" daemon [_thread_in_native, id=19532, stack(0x000000c89cf00000,0x000000c89d000000)]
  0x000001dd7ba4e000 JavaThread "C2 CompilerThread1" daemon [_thread_in_native, id=20292, stack(0x000000c89ce00000,0x000000c89cf00000)]
  0x000001dd7ba47000 JavaThread "C2 CompilerThread0" daemon [_thread_in_native, id=28420, stack(0x000000c89cd00000,0x000000c89ce00000)]
  0x000001dd7ba44000 JavaThread "Attach Listener" daemon [_thread_blocked, id=1552, stack(0x000000c89cc00000,0x000000c89cd00000)]
  0x000001dd7ba43000 JavaThread "Signal Dispatcher" daemon [_thread_blocked, id=18128, stack(0x000000c89cb00000,0x000000c89cc00000)]
  0x000001dd7ba1a800 JavaThread "Finalizer" daemon [_thread_blocked, id=18588, stack(0x000000c89ca00000,0x000000c89cb00000)]
  0x000001dd7ba0c000 JavaThread "Reference Handler" daemon [_thread_blocked, id=22944, stack(0x000000c89c900000,0x000000c89ca00000)]
  0x000001dd64d17000 JavaThread "main" [_thread_in_Java, id=25588, stack(0x000000c89bf00000,0x000000c89c000000)]

Other Threads:
  0x000001dd7b9e4800 VMThread [stack: 0x000000c89c800000,0x000000c89c900000] [id=5808]
  0x000001dd7baa5000 WatcherThread [stack: 0x000000c89d200000,0x000000c89d300000] [id=30252]

VM state:not at safepoint (normal execution)

VM Mutex/Monitor currently owned by a thread: None

heap address: 0x0000000082400000, size: 2012 MB, Compressed Oops mode: 32-bit
Narrow klass base: 0x0000000000000000, Narrow klass shift: 3
Compressed class space size: 1073741824 Address: 0x0000000100000000

Heap:
 PSYoungGen      total 37888K, used 27687K [0x00000000d6180000, 0x00000000d8b80000, 0x0000000100000000)
  eden space 32768K, 84% used [0x00000000d6180000,0x00000000d7c89f50,0x00000000d8180000)
  from space 5120K, 0% used [0x00000000d8680000,0x00000000d8680000,0x00000000d8b80000)
  to   space 5120K, 0% used [0x00000000d8180000,0x00000000d8180000,0x00000000d8680000)
 ParOldGen       total 86016K, used 0K [0x0000000082400000, 0x0000000087800000, 0x00000000d6180000)
  object space 86016K, 0% used [0x0000000082400000,0x0000000082400000,0x0000000087800000)
 Metaspace       used 8437K, capacity 8556K, committed 8832K, reserved 1056768K
  class space    used 991K, capacity 1048K, committed 1152K, reserved 1048576K

Card table byte_map: [0x000001dd75b70000,0x000001dd75f60000] byte_map_base: 0x000001dd7575e000

Marking Bits: (ParMarkBitMap*) 0x0000000059547fe0
 Begin Bits: [0x000001dd76200000, 0x000001dd78170000)
 End Bits:   [0x000001dd78170000, 0x000001dd7a0e0000)

Polling page: 0x000001dd64fb0000

CodeCache: size=245760Kb used=2986Kb max_used=2986Kb free=242773Kb
 bounds [0x000001dd667b0000, 0x000001dd66aa0000, 0x000001dd757b0000]
 total_blobs=959 nmethods=634 adapters=238
 compilation: enabled

Compilation events (10 events):
Event: 2.249 Thread 0x000001dd7ba55800 nmethod 612 0x000001dd66a852d0 code [0x000001dd66a85460, 0x000001dd66a859d0]
Event: 2.249 Thread 0x000001dd7ba55800  628       3       org.codehaus.plexus.util.xml.pull.MXParser::parseEndTag (434 bytes)
Event: 2.253 Thread 0x000001dd7ba55800 nmethod 628 0x000001dd66a85b50 code [0x000001dd66a860c0, 0x000001dd66a892f0]
Event: 2.253 Thread 0x000001dd7ba55800  629       3       org.codehaus.plexus.util.xml.pull.MXParser::isS (30 bytes)
Event: 2.253 Thread 0x000001dd7ba55800 nmethod 629 0x000001dd66a8b210 code [0x000001dd66a8b380, 0x000001dd66a8b5d8]
Event: 2.253 Thread 0x000001dd7ba55800  630       3       org.codehaus.plexus.util.xml.pull.MXParser::getText (125 bytes)
Event: 2.254 Thread 0x000001dd7ba55800 nmethod 630 0x000001dd66a8b650 code [0x000001dd66a8b7e0, 0x000001dd66a8bca0]
Event: 2.254 Thread 0x000001dd7ba55800  631       3       org.codehaus.plexus.util.xml.pull.MXParser::isNameStartChar (63 bytes)
Event: 2.254 Thread 0x000001dd7ba55800 nmethod 631 0x000001dd66a8bd90 code [0x000001dd66a8bf00, 0x000001dd66a8c298]
Event: 2.257 Thread 0x000001dd7ba55800  636       3       org.codehaus.plexus.util.xml.pull.MXParser::parseStartTag (1195 bytes)

GC Heap History (0 events):
No events

Deoptimization events (1 events):
Event: 2.226 Thread 0x000001dd64d17000 Uncommon trap: reason=unstable_if action=reinterpret pc=0x000001dd669babe4 method=org.codehaus.plexus.util.xml.pull.MXParser.more()C @ 8

Classes redefined (0 events):
No events

Internal exceptions (9 events):
Event: 0.060 Thread 0x000001dd64d17000 Exception <a 'java/lang/NoSuchMethodError': Method sun.misc.Unsafe.defineClass(Ljava/lang/String;[BII)Ljava/lang/Class; name or signature does not match> (0x00000000d6187cc0) thrown at [C:\jenkins\workspace\8-2-build-windows-amd64-cygwin\jdk8u291\1294\hot
Event: 0.060 Thread 0x000001dd64d17000 Exception <a 'java/lang/NoSuchMethodError': Method sun.misc.Unsafe.prefetchRead(Ljava/lang/Object;J)V name or signature does not match> (0x00000000d6187fa8) thrown at [C:\jenkins\workspace\8-2-build-windows-amd64-cygwin\jdk8u291\1294\hotspot\src\share\vm\
Event: 0.351 Thread 0x000001dd64d17000 Exception <a 'java/security/PrivilegedActionException'> (0x00000000d65b92c0) thrown at [C:\jenkins\workspace\8-2-build-windows-amd64-cygwin\jdk8u291\1294\hotspot\src\share\vm\prims\jvm.cpp, line 1523]
Event: 0.351 Thread 0x000001dd64d17000 Exception <a 'java/security/PrivilegedActionException'> (0x00000000d65b94d0) thrown at [C:\jenkins\workspace\8-2-build-windows-amd64-cygwin\jdk8u291\1294\hotspot\src\share\vm\prims\jvm.cpp, line 1523]
Event: 0.352 Thread 0x000001dd64d17000 Exception <a 'java/security/PrivilegedActionException'> (0x00000000d65bd5c8) thrown at [C:\jenkins\workspace\8-2-build-windows-amd64-cygwin\jdk8u291\1294\hotspot\src\share\vm\prims\jvm.cpp, line 1523]
Event: 0.352 Thread 0x000001dd64d17000 Exception <a 'java/security/PrivilegedActionException'> (0x00000000d65bd7d8) thrown at [C:\jenkins\workspace\8-2-build-windows-amd64-cygwin\jdk8u291\1294\hotspot\src\share\vm\prims\jvm.cpp, line 1523]
Event: 2.192 Thread 0x000001dd64d17000 Exception <a 'java/lang/ArrayIndexOutOfBoundsException'> (0x00000000d78f0c28) thrown at [C:\jenkins\workspace\8-2-build-windows-amd64-cygwin\jdk8u291\1294\hotspot\src\share\vm\runtime\sharedRuntime.cpp, line 609]
Event: 2.198 Thread 0x000001dd64d17000 Exception <a 'java/lang/ArrayIndexOutOfBoundsException'> (0x00000000d7919c90) thrown at [C:\jenkins\workspace\8-2-build-windows-amd64-cygwin\jdk8u291\1294\hotspot\src\share\vm\runtime\sharedRuntime.cpp, line 609]
Event: 2.211 Thread 0x000001dd64d17000 Exception <a 'java/lang/ArrayIndexOutOfBoundsException'> (0x00000000d79665d8) thrown at [C:\jenkins\workspace\8-2-build-windows-amd64-cygwin\jdk8u291\1294\hotspot\src\share\vm\runtime\sharedRuntime.cpp, line 609]

Events (10 events):
Event: 2.257 loading class org/apache/maven/lifecycle/Lifecycle
Event: 2.258 loading class org/apache/maven/lifecycle/Lifecycle done
Event: 2.259 loading class org/eclipse/sisu/plexus/RequirementImpl
Event: 2.259 loading class org/eclipse/sisu/plexus/RequirementImpl done
Event: 2.259 loading class org/codehaus/plexus/component/annotations/Requirement
Event: 2.259 loading class org/codehaus/plexus/component/annotations/Requirement done
Event: 2.261 loading class org/sonatype/plexus/components/sec/dispatcher/SecDispatcher
Event: 2.261 loading class org/sonatype/plexus/components/sec/dispatcher/SecDispatcher done
Event: 2.263 loading class org/apache/maven/artifact/handler/ArtifactHandler
Event: 2.263 loading class org/apache/maven/artifact/handler/ArtifactHandler done


Dynamic libraries:
0x00007ff7d17e0000 - 0x00007ff7d1827000 	C:\Program Files\Java\jdk1.8.0_291\bin\javaw.exe
0x00007ffbfdd60000 - 0x00007ffbfdf69000 	C:\WINDOWS\SYSTEM32\ntdll.dll
0x00007ffbfc250000 - 0x00007ffbfc30e000 	C:\WINDOWS\System32\KERNEL32.DLL
0x00007ffbfb580000 - 0x00007ffbfb8fb000 	C:\WINDOWS\System32\KERNELBASE.dll
0x00007ffbfbed0000 - 0x00007ffbfbf7e000 	C:\WINDOWS\System32\ADVAPI32.dll
0x00007ffbfbe00000 - 0x00007ffbfbea3000 	C:\WINDOWS\System32\msvcrt.dll
0x00007ffbfbd00000 - 0x00007ffbfbd9e000 	C:\WINDOWS\System32\sechost.dll
0x00007ffbfc130000 - 0x00007ffbfc250000 	C:\WINDOWS\System32\RPCRT4.dll
0x00007ffbfd2f0000 - 0x00007ffbfd49d000 	C:\WINDOWS\System32\USER32.dll
0x00007ffbfba90000 - 0x00007ffbfbab6000 	C:\WINDOWS\System32\win32u.dll
0x00007ffbfc4d0000 - 0x00007ffbfc4f9000 	C:\WINDOWS\System32\GDI32.dll
0x00007ffbfbac0000 - 0x00007ffbfbbd8000 	C:\WINDOWS\System32\gdi32full.dll
0x00007ffbfb2b0000 - 0x00007ffbfb34d000 	C:\WINDOWS\System32\msvcp_win.dll
0x00007ffbfb970000 - 0x00007ffbfba81000 	C:\WINDOWS\System32\ucrtbase.dll
0x00007ffbde9d0000 - 0x00007ffbdec75000 	C:\WINDOWS\WinSxS\amd64_microsoft.windows.common-controls_6595b64144ccf1df_6.0.22000.120_none_9d947278b86cc467\COMCTL32.dll
0x00007ffbfc070000 - 0x00007ffbfc0a2000 	C:\WINDOWS\System32\IMM32.DLL
0x00007ffbe72f0000 - 0x00007ffbe7305000 	C:\Program Files\Java\jdk1.8.0_291\jre\bin\vcruntime140.dll
0x00007ffbad120000 - 0x00007ffbad1bb000 	C:\Program Files\Java\jdk1.8.0_291\jre\bin\msvcp140.dll
0x0000000058d60000 - 0x00000000595c0000 	C:\Program Files\Java\jdk1.8.0_291\jre\bin\server\jvm.dll
0x00007ffbfbeb0000 - 0x00007ffbfbeb8000 	C:\WINDOWS\System32\PSAPI.DLL
0x00007ffbdc970000 - 0x00007ffbdc979000 	C:\WINDOWS\SYSTEM32\WSOCK32.dll
0x00007ffbfccc0000 - 0x00007ffbfcd2f000 	C:\WINDOWS\System32\WS2_32.dll
0x00007ffbf2780000 - 0x00007ffbf278a000 	C:\WINDOWS\SYSTEM32\VERSION.dll
0x00007ffbf2b40000 - 0x00007ffbf2b73000 	C:\WINDOWS\SYSTEM32\WINMM.dll
0x00007ffbfa2e0000 - 0x00007ffbfa2f8000 	C:\WINDOWS\SYSTEM32\kernel.appcore.dll
0x00007ffbe6840000 - 0x00007ffbe6850000 	C:\Program Files\Java\jdk1.8.0_291\jre\bin\verify.dll
0x00007ffbe6810000 - 0x00007ffbe683b000 	C:\Program Files\Java\jdk1.8.0_291\jre\bin\java.dll
0x00007ffbe67f0000 - 0x00007ffbe6808000 	C:\Program Files\Java\jdk1.8.0_291\jre\bin\zip.dll
0x00007ffbfc500000 - 0x00007ffbfccb7000 	C:\WINDOWS\System32\SHELL32.dll
0x00007ffbf92e0000 - 0x00007ffbf9b45000 	C:\WINDOWS\SYSTEM32\windows.storage.dll
0x00007ffbfcd30000 - 0x00007ffbfd0a8000 	C:\WINDOWS\System32\combase.dll
0x00007ffbf9170000 - 0x00007ffbf92d6000 	C:\WINDOWS\SYSTEM32\wintypes.dll
0x00007ffbfd0c0000 - 0x00007ffbfd1aa000 	C:\WINDOWS\System32\SHCORE.dll
0x00007ffbfc0b0000 - 0x00007ffbfc10d000 	C:\WINDOWS\System32\shlwapi.dll
0x00007ffbfb160000 - 0x00007ffbfb181000 	C:\WINDOWS\SYSTEM32\profapi.dll
0x00007ffbfaa80000 - 0x00007ffbfaa98000 	C:\WINDOWS\SYSTEM32\CRYPTSP.dll
0x00007ffbfa240000 - 0x00007ffbfa275000 	C:\WINDOWS\system32\rsaenh.dll
0x00007ffbfa930000 - 0x00007ffbfa959000 	C:\WINDOWS\SYSTEM32\USERENV.dll
0x00007ffbfac10000 - 0x00007ffbfac37000 	C:\WINDOWS\SYSTEM32\bcrypt.dll
0x00007ffbfb230000 - 0x00007ffbfb2af000 	C:\WINDOWS\System32\bcryptprimitives.dll
0x00007ffbfaaa0000 - 0x00007ffbfaaac000 	C:\WINDOWS\SYSTEM32\CRYPTBASE.dll
0x00007ffbe5a30000 - 0x00007ffbe5a4c000 	C:\Program Files\Java\jdk1.8.0_291\jre\bin\net.dll
0x00007ffbfa820000 - 0x00007ffbfa887000 	C:\WINDOWS\system32\mswsock.dll
0x00007ffbf9e10000 - 0x00007ffbf9e3d000 	C:\WINDOWS\SYSTEM32\IPHLPAPI.DLL
0x00007ffbfd0b0000 - 0x00007ffbfd0b9000 	C:\WINDOWS\System32\NSI.dll
0x00007ffbf27e0000 - 0x00007ffbf27f9000 	C:\WINDOWS\SYSTEM32\dhcpcsvc6.DLL
0x00007ffbf2910000 - 0x00007ffbf292e000 	C:\WINDOWS\SYSTEM32\dhcpcsvc.DLL
0x00007ffbf9e40000 - 0x00007ffbf9f28000 	C:\WINDOWS\SYSTEM32\DNSAPI.dll
0x00007ffbe5220000 - 0x00007ffbe5233000 	C:\Program Files\Java\jdk1.8.0_291\jre\bin\nio.dll
0x00007ffbe6740000 - 0x00007ffbe674a000 	C:\Users\asus\AppData\Local\Temp\jansi-1.17.1-8507261418294973047.dll
0x00007ffbe5c20000 - 0x00007ffbe5c2a000 	C:\Users\asus\AppData\Local\Temp\jansi-1.17.1-7763136496551672907.dll

VM Arguments:
jvm_args: -Dmaven.home=EMBEDDED -Dclassworlds.conf=C:\Users\asus\Latihan Java Cilsy\.metadata\.plugins\org.eclipse.m2e.launching\launches\m2conf10265590265963451157.tmp -Dmaven.multiModuleProjectDirectory=C:\Users\asus\Latihan Java Cilsy\eFisheryProject -Dfile.encoding=Cp1252 
java_command: org.codehaus.plexus.classworlds.launcher.Launcher -B test
java_class_path (initial): C:\Users\asus\.p2\pool\plugins\org.eclipse.m2e.maven.runtime_1.18.0.20210603-1206\jars\plexus-classworlds-2.6.0.jar
Launcher Type: SUN_STANDARD

Environment Variables:
JAVA_HOME=C:\Program Files\Java\jdk1.8.0_291
USERNAME=asus
OS=Windows_NT
PROCESSOR_IDENTIFIER=Intel64 Family 6 Model 142 Stepping 12, GenuineIntel



---------------  S Y S T E M  ---------------

OS: Windows 10.0 , 64 bit Build 22000 (10.0.22000.1335)

CPU:total 8 (initial active 8) (4 cores per cpu, 2 threads per core) family 6 model 142 stepping 12, cmov, cx8, fxsr, mmx, sse, sse2, sse3, ssse3, sse4.1, sse4.2, popcnt, avx, avx2, aes, clmul, erms, 3dnowpref, lzcnt, ht, tsc, tscinvbit, bmi1, bmi2, adx

Memory: 4k page, physical 8236496k(605052k free), swap 16234208k(3200k free)

vm_info: Java HotSpot(TM) 64-Bit Server VM (25.291-b10) for windows-amd64 JRE (1.8.0_291-b10), built on Apr  9 2021 00:02:00 by "java_re" with MS VC++ 15.9 (VS2017)

time: Sun Jan 22 03:32:35 2023
timezone: SE Asia Standard Time
elapsed time: 2.280078 seconds (0d 0h 0m 2s)

